c:\users\b-4\desktop\192.168.0 (5)\so\battle_city_re\battle_city_re\debug\vc140.pdb
c:\users\b-4\desktop\192.168.0 (5)\so\battle_city_re\battle_city_re\debug\vc140.idb
c:\users\b-4\desktop\192.168.0 (5)\so\battle_city_re\battle_city_re\debug\game_manager.obj
c:\users\b-4\desktop\192.168.0 (5)\so\battle_city_re\battle_city_re\debug\win_main.obj
c:\users\b-4\desktop\battle_city_re\battle_city_re\debug\vc140.pdb
c:\users\b-4\desktop\battle_city_re\battle_city_re\debug\vc140.idb
c:\users\b-4\desktop\battle_city_re\battle_city_re\debug\game_manager.obj
c:\users\b-4\desktop\battle_city_re\battle_city_re\debug\res_manager.obj
c:\users\b-4\desktop\battle_city_re\battle_city_re\debug\win_main.obj
c:\users\b-4\desktop\battle_city_re\battle_city_re\debug\bitmap.obj
c:\users\b-4\desktop\192.168.0 (5)\so\battle_city_re\debug\battle_city_re.ilk
c:\users\b-4\desktop\192.168.0 (5)\so\battle_city_re\debug\battle_city_re.exe
c:\users\b-4\desktop\192.168.0 (5)\so\battle_city_re\debug\battle_city_re.pdb
c:\users\b-4\desktop\battle_city_re\debug\battle_city_re.pdb
c:\users\b-4\desktop\battle_city_re\battle_city_re\debug\battle_city_re.tlog\cl.command.1.tlog
c:\users\b-4\desktop\battle_city_re\battle_city_re\debug\battle_city_re.tlog\cl.read.1.tlog
c:\users\b-4\desktop\battle_city_re\battle_city_re\debug\battle_city_re.tlog\cl.write.1.tlog
c:\users\b-4\desktop\battle_city_re\battle_city_re\debug\battle_city_re.tlog\link-cvtres.read.1.tlog
c:\users\b-4\desktop\battle_city_re\battle_city_re\debug\battle_city_re.tlog\link-cvtres.write.1.tlog
c:\users\b-4\desktop\battle_city_re\battle_city_re\debug\battle_city_re.tlog\link-rc.read.1.tlog
c:\users\b-4\desktop\battle_city_re\battle_city_re\debug\battle_city_re.tlog\link-rc.write.1.tlog
c:\users\b-4\desktop\battle_city_re\battle_city_re\debug\battle_city_re.tlog\link.command.1.tlog
c:\users\b-4\desktop\battle_city_re\battle_city_re\debug\battle_city_re.tlog\link.read.1.tlog
c:\users\b-4\desktop\battle_city_re\battle_city_re\debug\battle_city_re.tlog\link.write.1.tlog
